<?xml version="1.0" encoding="UTF-8"?>
<testng-results ignored="0" total="1" passed="1" failed="0" skipped="0">
  <reporter-output>
  </reporter-output>
  <suite started-at="2022-10-17T15:55:05 IST" name="Default suite" finished-at="2022-10-17T15:55:20 IST" duration-ms="15320">
    <groups>
    </groups>
    <test started-at="2022-10-17T15:55:05 IST" name="Default test" finished-at="2022-10-17T15:55:20 IST" duration-ms="15320">
      <class name="com.qa.testLayer.HomePageWikipediaTest">
        <test-method is-config="true" signature="SetUp()[pri:0, instance:com.qa.testLayer.HomePageWikipediaTest@7bab3f1a]" started-at="2022-10-17T15:55:05 IST" name="SetUp" finished-at="2022-10-17T15:55:17 IST" duration-ms="12390" status="PASS">
          <reporter-output>
          </reporter-output>
        </test-method> <!-- SetUp -->
        <test-method signature="ValidateSearchFunctionality()[pri:0, instance:com.qa.testLayer.HomePageWikipediaTest@7bab3f1a]" started-at="2022-10-17T15:55:17 IST" name="ValidateSearchFunctionality" finished-at="2022-10-17T15:55:20 IST" duration-ms="2512" status="PASS">
          <reporter-output>
          </reporter-output>
        </test-method> <!-- ValidateSearchFunctionality -->
        <test-method is-config="true" signature="teardown()[pri:0, instance:com.qa.testLayer.HomePageWikipediaTest@7bab3f1a]" started-at="2022-10-17T15:55:20 IST" name="teardown" finished-at="2022-10-17T15:55:20 IST" duration-ms="354" status="PASS">
          <reporter-output>
          </reporter-output>
        </test-method> <!-- teardown -->
      </class> <!-- com.qa.testLayer.HomePageWikipediaTest -->
    </test> <!-- Default test -->
  </suite> <!-- Default suite -->
</testng-results>
